<?xml version="1.0" encoding="UTF-8"?>
<coverage generated="1757959673824" clover="3.2.0">
  <project timestamp="1757959673824" name="All files">
    <metrics statements="146" coveredstatements="143" conditionals="37" coveredconditionals="36" methods="27" coveredmethods="25" elements="210" coveredelements="204" complexity="0" loc="146" ncloc="146" packages="1" files="1" classes="1"/>
    <file name="index.ts" path="/home/kbairak/devel/repos/pet_projects/webmq/packages/backend/src/index.ts">
      <metrics statements="146" coveredstatements="143" conditionals="37" coveredconditionals="36" methods="27" coveredmethods="25"/>
      <line num="1" count="1" type="stmt"/>
      <line num="2" count="1" type="stmt"/>
      <line num="3" count="1" type="stmt"/>
      <line num="4" count="1" type="stmt"/>
      <line num="58" count="1" type="stmt"/>
      <line num="59" count="37" type="stmt"/>
      <line num="62" count="12" type="stmt"/>
      <line num="63" count="12" type="stmt"/>
      <line num="64" count="12" type="stmt"/>
      <line num="66" count="12" type="stmt"/>
      <line num="67" count="12" type="stmt"/>
      <line num="71" count="4" type="stmt"/>
      <line num="75" count="4" type="stmt"/>
      <line num="79" count="1" type="stmt"/>
      <line num="83" count="1" type="stmt"/>
      <line num="87" count="8" type="stmt"/>
      <line num="93" count="1" type="stmt"/>
      <line num="95" count="16" type="stmt"/>
      <line num="96" count="16" type="stmt"/>
      <line num="100" count="2" type="stmt"/>
      <line num="105" count="1" type="stmt"/>
      <line num="107" count="1" type="stmt"/>
      <line num="108" count="0" type="cond" truecount="0" falsecount="1"/>
      <line num="110" count="0" type="stmt"/>
      <line num="114" count="1" type="stmt"/>
      <line num="118" count="6" type="stmt"/>
      <line num="119" count="4" type="stmt"/>
      <line num="120" count="4" type="stmt"/>
      <line num="124" count="4" type="stmt"/>
      <line num="132" count="2" type="stmt"/>
      <line num="133" count="4" type="stmt"/>
      <line num="134" count="4" type="stmt"/>
      <line num="136" count="1" type="stmt"/>
      <line num="146" count="2" type="stmt"/>
      <line num="148" count="2" type="stmt"/>
      <line num="149" count="1" type="cond" truecount="1" falsecount="0"/>
      <line num="150" count="1" type="stmt"/>
      <line num="151" count="1" type="stmt"/>
      <line num="156" count="2" type="stmt"/>
      <line num="173" count="1" type="stmt"/>
      <line num="178" count="28" type="stmt"/>
      <line num="179" count="28" type="stmt"/>
      <line num="180" count="28" type="stmt"/>
      <line num="181" count="28" type="stmt"/>
      <line num="184" count="28" type="stmt"/>
      <line num="185" count="28" type="stmt"/>
      <line num="186" count="28" type="stmt"/>
      <line num="187" count="28" type="cond" truecount="2" falsecount="0"/>
      <line num="188" count="28" type="stmt"/>
      <line num="197" count="5" type="stmt"/>
      <line num="200" count="5" type="stmt"/>
      <line num="201" count="5" type="stmt"/>
      <line num="202" count="5" type="stmt"/>
      <line num="207" count="5" type="stmt"/>
      <line num="209" count="5" type="stmt"/>
      <line num="211" count="5" type="stmt"/>
      <line num="212" count="5" type="stmt"/>
      <line num="213" count="4" type="cond" truecount="1" falsecount="0"/>
      <line num="214" count="1" type="stmt"/>
      <line num="217" count="3" type="stmt"/>
      <line num="219" count="3" type="stmt"/>
      <line num="220" count="3" type="stmt"/>
      <line num="223" count="3" type="stmt"/>
      <line num="224" count="2" type="stmt"/>
      <line num="225" count="2" type="stmt"/>
      <line num="226" count="1" type="stmt"/>
      <line num="227" count="1" type="stmt"/>
      <line num="228" count="1" type="stmt"/>
      <line num="230" count="1" type="stmt"/>
      <line num="231" count="1" type="stmt"/>
      <line num="232" count="1" type="stmt"/>
      <line num="236" count="3" type="stmt"/>
      <line num="237" count="0" type="stmt"/>
      <line num="241" count="5" type="stmt"/>
      <line num="245" count="20" type="stmt"/>
      <line num="246" count="20" type="cond" truecount="1" falsecount="0"/>
      <line num="247" count="1" type="stmt"/>
      <line num="250" count="19" type="stmt"/>
      <line num="252" count="19" type="stmt"/>
      <line num="254" count="19" type="stmt"/>
      <line num="255" count="26" type="cond" truecount="1" falsecount="0"/>
      <line num="256" count="19" type="stmt"/>
      <line num="257" count="19" type="stmt"/>
      <line num="259" count="7" type="stmt"/>
      <line num="260" count="7" type="stmt"/>
      <line num="263" count="19" type="stmt"/>
      <line num="264" count="19" type="stmt"/>
      <line num="265" count="12" type="stmt"/>
      <line num="267" count="7" type="stmt"/>
      <line num="268" count="7" type="stmt"/>
      <line num="269" count="7" type="stmt"/>
      <line num="274" count="19" type="stmt"/>
      <line num="275" count="19" type="cond" truecount="4" falsecount="0"/>
      <line num="276" count="1" type="stmt"/>
      <line num="279" count="18" type="stmt"/>
      <line num="281" count="18" type="stmt"/>
      <line num="282" count="18" type="cond" truecount="4" falsecount="0"/>
      <line num="284" count="7" type="stmt"/>
      <line num="285" count="7" type="cond" truecount="3" falsecount="0"/>
      <line num="286" count="2" type="stmt"/>
      <line num="288" count="5" type="stmt"/>
      <line num="289" count="5" type="stmt"/>
      <line num="290" count="5" type="stmt"/>
      <line num="293" count="6" type="stmt"/>
      <line num="294" count="6" type="cond" truecount="1" falsecount="0"/>
      <line num="295" count="5" type="cond" truecount="1" falsecount="0"/>
      <line num="296" count="1" type="stmt"/>
      <line num="297" count="1" type="stmt"/>
      <line num="300" count="4" type="stmt"/>
      <line num="301" count="3" type="stmt"/>
      <line num="304" count="3" type="stmt"/>
      <line num="305" count="1" type="stmt"/>
      <line num="306" count="1" type="stmt"/>
      <line num="313" count="3" type="stmt"/>
      <line num="314" count="3" type="stmt"/>
      <line num="319" count="3" type="stmt"/>
      <line num="320" count="3" type="stmt"/>
      <line num="323" count="4" type="stmt"/>
      <line num="324" count="4" type="cond" truecount="1" falsecount="0"/>
      <line num="325" count="3" type="stmt"/>
      <line num="326" count="3" type="cond" truecount="2" falsecount="0"/>
      <line num="327" count="2" type="stmt"/>
      <line num="328" count="2" type="stmt"/>
      <line num="329" count="2" type="stmt"/>
      <line num="330" count="2" type="stmt"/>
      <line num="332" count="1" type="stmt"/>
      <line num="334" count="3" type="stmt"/>
      <line num="337" count="1" type="stmt"/>
      <line num="339" count="11" type="stmt"/>
      <line num="341" count="6" type="stmt"/>
      <line num="342" count="6" type="stmt"/>
      <line num="343" count="6" type="stmt"/>
      <line num="348" count="3" type="stmt"/>
      <line num="349" count="3" type="cond" truecount="1" falsecount="0"/>
      <line num="350" count="1" type="stmt"/>
      <line num="351" count="1" type="stmt"/>
      <line num="354" count="2" type="stmt"/>
      <line num="356" count="2" type="cond" truecount="1" falsecount="0"/>
      <line num="357" count="2" type="stmt"/>
      <line num="360" count="2" type="stmt"/>
      <line num="361" count="2" type="stmt"/>
      <line num="365" count="20" type="cond" truecount="4" falsecount="0"/>
      <line num="367" count="6" type="stmt"/>
      <line num="369" count="4" type="stmt"/>
      <line num="371" count="8" type="stmt"/>
      <line num="373" count="2" type="stmt"/>
    </file>
  </project>
</coverage>
