{"/home/kbairak/devel/repos/pet_projects/webmq/packages/backend/src/index.ts": {"path":"/home/kbairak/devel/repos/pet_projects/webmq/packages/backend/src/index.ts","statementMap":{"0":{"start":{"line":1,"column":0},"end":{"line":1,"column":48}},"1":{"start":{"line":2,"column":0},"end":{"line":2,"column":57}},"2":{"start":{"line":3,"column":0},"end":{"line":3,"column":28}},"3":{"start":{"line":4,"column":0},"end":{"line":4,"column":38}},"4":{"start":{"line":59,"column":10},"end":{"line":59,"column":58}},"5":{"start":{"line":62,"column":15},"end":{"line":62,"column":34}},"6":{"start":{"line":63,"column":39},"end":{"line":63,"column":49}},"7":{"start":{"line":64,"column":26},"end":{"line":64,"column":57}},"8":{"start":{"line":66,"column":4},"end":{"line":66,"column":61}},"9":{"start":{"line":67,"column":4},"end":{"line":67,"column":14}},"10":{"start":{"line":71,"column":4},"end":{"line":71,"column":36}},"11":{"start":{"line":75,"column":4},"end":{"line":75,"column":39}},"12":{"start":{"line":79,"column":4},"end":{"line":79,"column":49}},"13":{"start":{"line":83,"column":4},"end":{"line":83,"column":47}},"14":{"start":{"line":87,"column":4},"end":{"line":87,"column":33}},"15":{"start":{"line":58,"column":0},"end":{"line":58,"column":13}},"16":{"start":{"line":95,"column":12},"end":{"line":95,"column":28}},"17":{"start":{"line":96,"column":12},"end":{"line":96,"column":32}},"18":{"start":{"line":100,"column":22},"end":{"line":103,"column":6}},"19":{"start":{"line":105,"column":4},"end":{"line":105,"column":71}},"20":{"start":{"line":107,"column":28},"end":{"line":112,"column":6}},"21":{"start":{"line":108,"column":6},"end":{"line":111,"column":7}},"22":{"start":{"line":110,"column":8},"end":{"line":110,"column":30}},"23":{"start":{"line":114,"column":4},"end":{"line":114,"column":34}},"24":{"start":{"line":118,"column":4},"end":{"line":118,"column":56}},"25":{"start":{"line":119,"column":4},"end":{"line":119,"column":86}},"26":{"start":{"line":120,"column":4},"end":{"line":120,"column":55}},"27":{"start":{"line":124,"column":4},"end":{"line":128,"column":6}},"28":{"start":{"line":132,"column":4},"end":{"line":138,"column":5}},"29":{"start":{"line":133,"column":6},"end":{"line":137,"column":7}},"30":{"start":{"line":134,"column":8},"end":{"line":134,"column":57}},"31":{"start":{"line":136,"column":8},"end":{"line":136,"column":80}},"32":{"start":{"line":146,"column":4},"end":{"line":146,"column":56}},"33":{"start":{"line":148,"column":28},"end":{"line":153,"column":6}},"34":{"start":{"line":149,"column":6},"end":{"line":152,"column":7}},"35":{"start":{"line":150,"column":8},"end":{"line":150,"column":28}},"36":{"start":{"line":151,"column":8},"end":{"line":151,"column":30}},"37":{"start":{"line":156,"column":4},"end":{"line":156,"column":43}},"38":{"start":{"line":93,"column":0},"end":{"line":93,"column":13}},"39":{"start":{"line":184,"column":4},"end":{"line":184,"column":12}},"40":{"start":{"line":178,"column":10},"end":{"line":178,"column":49}},"41":{"start":{"line":179,"column":10},"end":{"line":179,"column":41}},"42":{"start":{"line":180,"column":10},"end":{"line":180,"column":54}},"43":{"start":{"line":181,"column":10},"end":{"line":181,"column":65}},"44":{"start":{"line":185,"column":4},"end":{"line":185,"column":43}},"45":{"start":{"line":186,"column":4},"end":{"line":186,"column":45}},"46":{"start":{"line":187,"column":4},"end":{"line":187,"column":60}},"47":{"start":{"line":188,"column":4},"end":{"line":193,"column":6}},"48":{"start":{"line":197,"column":4},"end":{"line":197,"column":45}},"49":{"start":{"line":200,"column":4},"end":{"line":200,"column":62}},"50":{"start":{"line":201,"column":4},"end":{"line":201,"column":57}},"51":{"start":{"line":202,"column":4},"end":{"line":204,"column":6}},"52":{"start":{"line":207,"column":4},"end":{"line":207,"column":88}},"53":{"start":{"line":209,"column":4},"end":{"line":209,"column":70}},"54":{"start":{"line":211,"column":16},"end":{"line":211,"column":45}},"55":{"start":{"line":212,"column":4},"end":{"line":239,"column":7}},"56":{"start":{"line":213,"column":6},"end":{"line":215,"column":7}},"57":{"start":{"line":214,"column":8},"end":{"line":214,"column":59}},"58":{"start":{"line":217,"column":17},"end":{"line":217,"column":60}},"59":{"start":{"line":219,"column":6},"end":{"line":219,"column":45}},"60":{"start":{"line":220,"column":6},"end":{"line":220,"column":58}},"61":{"start":{"line":223,"column":6},"end":{"line":234,"column":9}},"62":{"start":{"line":224,"column":8},"end":{"line":233,"column":9}},"63":{"start":{"line":225,"column":41},"end":{"line":225,"column":68}},"64":{"start":{"line":226,"column":10},"end":{"line":226,"column":71}},"65":{"start":{"line":227,"column":10},"end":{"line":227,"column":49}},"66":{"start":{"line":228,"column":10},"end":{"line":228,"column":72}},"67":{"start":{"line":230,"column":10},"end":{"line":230,"column":76}},"68":{"start":{"line":231,"column":10},"end":{"line":231,"column":89}},"69":{"start":{"line":232,"column":10},"end":{"line":232,"column":77}},"70":{"start":{"line":236,"column":6},"end":{"line":238,"column":9}},"71":{"start":{"line":237,"column":8},"end":{"line":237,"column":31}},"72":{"start":{"line":241,"column":4},"end":{"line":241,"column":67}},"73":{"start":{"line":245,"column":23},"end":{"line":245,"column":73}},"74":{"start":{"line":246,"column":4},"end":{"line":248,"column":5}},"75":{"start":{"line":247,"column":6},"end":{"line":247,"column":62}},"76":{"start":{"line":250,"column":4},"end":{"line":250,"column":82}},"77":{"start":{"line":252,"column":18},"end":{"line":252,"column":56}},"78":{"start":{"line":254,"column":16},"end":{"line":261,"column":5}},"79":{"start":{"line":255,"column":6},"end":{"line":258,"column":7}},"80":{"start":{"line":256,"column":8},"end":{"line":256,"column":77}},"81":{"start":{"line":257,"column":8},"end":{"line":257,"column":57}},"82":{"start":{"line":259,"column":6},"end":{"line":259,"column":77}},"83":{"start":{"line":260,"column":6},"end":{"line":260,"column":76}},"84":{"start":{"line":260,"column":60},"end":{"line":260,"column":74}},"85":{"start":{"line":263,"column":4},"end":{"line":270,"column":5}},"86":{"start":{"line":264,"column":6},"end":{"line":264,"column":19}},"87":{"start":{"line":265,"column":6},"end":{"line":265,"column":70}},"88":{"start":{"line":267,"column":6},"end":{"line":267,"column":81}},"89":{"start":{"line":268,"column":6},"end":{"line":268,"column":67}},"90":{"start":{"line":269,"column":6},"end":{"line":269,"column":18}},"91":{"start":{"line":274,"column":23},"end":{"line":274,"column":73}},"92":{"start":{"line":275,"column":4},"end":{"line":277,"column":5}},"93":{"start":{"line":276,"column":6},"end":{"line":276,"column":84}},"94":{"start":{"line":279,"column":4},"end":{"line":279,"column":72}},"95":{"start":{"line":281,"column":4},"end":{"line":344,"column":5}},"96":{"start":{"line":282,"column":6},"end":{"line":338,"column":7}},"97":{"start":{"line":284,"column":10},"end":{"line":284,"column":111}},"98":{"start":{"line":285,"column":10},"end":{"line":287,"column":11}},"99":{"start":{"line":286,"column":12},"end":{"line":286,"column":68}},"100":{"start":{"line":288,"column":10},"end":{"line":288,"column":86}},"101":{"start":{"line":289,"column":10},"end":{"line":289,"column":74}},"102":{"start":{"line":290,"column":10},"end":{"line":290,"column":16}},"103":{"start":{"line":293,"column":10},"end":{"line":293,"column":86}},"104":{"start":{"line":294,"column":10},"end":{"line":294,"column":83}},"105":{"start":{"line":294,"column":35},"end":{"line":294,"column":83}},"106":{"start":{"line":295,"column":10},"end":{"line":298,"column":11}},"107":{"start":{"line":296,"column":12},"end":{"line":296,"column":88}},"108":{"start":{"line":297,"column":12},"end":{"line":297,"column":19}},"109":{"start":{"line":300,"column":31},"end":{"line":300,"column":91}},"110":{"start":{"line":301,"column":10},"end":{"line":301,"column":80}},"111":{"start":{"line":304,"column":10},"end":{"line":311,"column":13}},"112":{"start":{"line":305,"column":12},"end":{"line":305,"column":101}},"113":{"start":{"line":306,"column":12},"end":{"line":310,"column":16}},"114":{"start":{"line":313,"column":10},"end":{"line":313,"column":73}},"115":{"start":{"line":314,"column":10},"end":{"line":318,"column":13}},"116":{"start":{"line":319,"column":10},"end":{"line":319,"column":97}},"117":{"start":{"line":320,"column":10},"end":{"line":320,"column":16}},"118":{"start":{"line":323,"column":10},"end":{"line":323,"column":88}},"119":{"start":{"line":324,"column":10},"end":{"line":324,"column":85}},"120":{"start":{"line":324,"column":35},"end":{"line":324,"column":85}},"121":{"start":{"line":325,"column":22},"end":{"line":325,"column":70}},"122":{"start":{"line":326,"column":10},"end":{"line":333,"column":11}},"123":{"start":{"line":327,"column":12},"end":{"line":327,"column":80}},"124":{"start":{"line":328,"column":12},"end":{"line":328,"column":64}},"125":{"start":{"line":329,"column":12},"end":{"line":329,"column":96}},"126":{"start":{"line":330,"column":12},"end":{"line":330,"column":85}},"127":{"start":{"line":332,"column":12},"end":{"line":332,"column":93}},"128":{"start":{"line":334,"column":10},"end":{"line":334,"column":16}},"129":{"start":{"line":337,"column":10},"end":{"line":337,"column":63}},"130":{"start":{"line":339,"column":6},"end":{"line":339,"column":87}},"131":{"start":{"line":341,"column":6},"end":{"line":341,"column":99}},"132":{"start":{"line":342,"column":6},"end":{"line":342,"column":67}},"133":{"start":{"line":343,"column":6},"end":{"line":343,"column":18}},"134":{"start":{"line":348,"column":23},"end":{"line":348,"column":73}},"135":{"start":{"line":349,"column":4},"end":{"line":352,"column":5}},"136":{"start":{"line":350,"column":6},"end":{"line":350,"column":74}},"137":{"start":{"line":351,"column":6},"end":{"line":351,"column":13}},"138":{"start":{"line":354,"column":4},"end":{"line":354,"column":79}},"139":{"start":{"line":356,"column":4},"end":{"line":358,"column":5}},"140":{"start":{"line":357,"column":6},"end":{"line":357,"column":84}},"141":{"start":{"line":360,"column":4},"end":{"line":360,"column":58}},"142":{"start":{"line":361,"column":4},"end":{"line":361,"column":55}},"143":{"start":{"line":365,"column":4},"end":{"line":374,"column":5}},"144":{"start":{"line":367,"column":8},"end":{"line":367,"column":59}},"145":{"start":{"line":369,"column":8},"end":{"line":369,"column":61}},"146":{"start":{"line":371,"column":8},"end":{"line":371,"column":57}},"147":{"start":{"line":373,"column":8},"end":{"line":373,"column":30}},"148":{"start":{"line":173,"column":0},"end":{"line":173,"column":13}}},"fnMap":{"0":{"name":"(anonymous_1)","decl":{"start":{"line":58,"column":0},"end":{"line":58,"column":13}},"loc":{"start":{"line":58,"column":0},"end":{"line":89,"column":1}}},"1":{"name":"(anonymous_2)","decl":{"start":{"line":61,"column":2},"end":{"line":61,"column":18}},"loc":{"start":{"line":61,"column":32},"end":{"line":68,"column":3}}},"2":{"name":"(anonymous_3)","decl":{"start":{"line":70,"column":2},"end":{"line":70,"column":15}},"loc":{"start":{"line":70,"column":26},"end":{"line":72,"column":3}}},"3":{"name":"(anonymous_4)","decl":{"start":{"line":74,"column":2},"end":{"line":74,"column":18}},"loc":{"start":{"line":74,"column":29},"end":{"line":76,"column":3}}},"4":{"name":"(anonymous_5)","decl":{"start":{"line":78,"column":2},"end":{"line":78,"column":19}},"loc":{"start":{"line":78,"column":19},"end":{"line":80,"column":3}}},"5":{"name":"(anonymous_6)","decl":{"start":{"line":82,"column":2},"end":{"line":82,"column":18}},"loc":{"start":{"line":82,"column":18},"end":{"line":84,"column":3}}},"6":{"name":"(anonymous_7)","decl":{"start":{"line":86,"column":2},"end":{"line":86,"column":6}},"loc":{"start":{"line":86,"column":6},"end":{"line":88,"column":3}}},"7":{"name":"(anonymous_8)","decl":{"start":{"line":94,"column":2},"end":{"line":94,"column":null}},"loc":{"start":{"line":96,"column":32},"end":{"line":97,"column":7}}},"8":{"name":"(anonymous_9)","decl":{"start":{"line":99,"column":2},"end":{"line":99,"column":7}},"loc":{"start":{"line":99,"column":36},"end":{"line":115,"column":3}}},"9":{"name":"(anonymous_10)","decl":{"start":{"line":107,"column":62},"end":{"line":107,"column":63}},"loc":{"start":{"line":107,"column":70},"end":{"line":112,"column":5}}},"10":{"name":"(anonymous_11)","decl":{"start":{"line":117,"column":2},"end":{"line":117,"column":7}},"loc":{"start":{"line":117,"column":66},"end":{"line":121,"column":3}}},"11":{"name":"(anonymous_12)","decl":{"start":{"line":123,"column":2},"end":{"line":123,"column":7}},"loc":{"start":{"line":123,"column":48},"end":{"line":129,"column":3}}},"12":{"name":"(anonymous_13)","decl":{"start":{"line":131,"column":2},"end":{"line":131,"column":7}},"loc":{"start":{"line":131,"column":69},"end":{"line":139,"column":3}}},"13":{"name":"(anonymous_14)","decl":{"start":{"line":141,"column":2},"end":{"line":141,"column":7}},"loc":{"start":{"line":143,"column":38},"end":{"line":157,"column":3}}},"14":{"name":"(anonymous_15)","decl":{"start":{"line":148,"column":75},"end":{"line":148,"column":76}},"loc":{"start":{"line":148,"column":83},"end":{"line":153,"column":5}}},"15":{"name":"(anonymous_16)","decl":{"start":{"line":183,"column":2},"end":{"line":183,"column":14}},"loc":{"start":{"line":183,"column":42},"end":{"line":194,"column":3}}},"16":{"name":"(anonymous_17)","decl":{"start":{"line":196,"column":9},"end":{"line":196,"column":14}},"loc":{"start":{"line":196,"column":33},"end":{"line":242,"column":3}}},"17":{"name":"(anonymous_18)","decl":{"start":{"line":212,"column":25},"end":{"line":212,"column":26}},"loc":{"start":{"line":212,"column":43},"end":{"line":239,"column":5}}},"18":{"name":"(anonymous_19)","decl":{"start":{"line":223,"column":23},"end":{"line":223,"column":28}},"loc":{"start":{"line":223,"column":57},"end":{"line":234,"column":7}}},"19":{"name":"(anonymous_20)","decl":{"start":{"line":236,"column":21},"end":{"line":236,"column":26}},"loc":{"start":{"line":236,"column":32},"end":{"line":238,"column":7}}},"20":{"name":"(anonymous_21)","decl":{"start":{"line":244,"column":10},"end":{"line":244,"column":15}},"loc":{"start":{"line":244,"column":75},"end":{"line":271,"column":3}}},"21":{"name":"(anonymous_22)","decl":{"start":{"line":254,"column":16},"end":{"line":254,"column":21}},"loc":{"start":{"line":254,"column":55},"end":{"line":261,"column":5}}},"22":{"name":"(anonymous_23)","decl":{"start":{"line":260,"column":54},"end":{"line":260,"column":57}},"loc":{"start":{"line":260,"column":60},"end":{"line":260,"column":74}}},"23":{"name":"(anonymous_24)","decl":{"start":{"line":273,"column":10},"end":{"line":273,"column":15}},"loc":{"start":{"line":273,"column":74},"end":{"line":345,"column":3}}},"24":{"name":"(anonymous_25)","decl":{"start":{"line":304,"column":70},"end":{"line":304,"column":71}},"loc":{"start":{"line":304,"column":78},"end":{"line":311,"column":11}}},"25":{"name":"(anonymous_26)","decl":{"start":{"line":347,"column":10},"end":{"line":347,"column":15}},"loc":{"start":{"line":347,"column":44},"end":{"line":362,"column":3}}},"26":{"name":"(anonymous_27)","decl":{"start":{"line":364,"column":10},"end":{"line":364,"column":27}},"loc":{"start":{"line":364,"column":59},"end":{"line":375,"column":3}}}},"branchMap":{"0":{"loc":{"start":{"line":108,"column":6},"end":{"line":111,"column":7}},"type":"if","locations":[{"start":{"line":108,"column":6},"end":{"line":111,"column":7}}]},"1":{"loc":{"start":{"line":149,"column":6},"end":{"line":152,"column":7}},"type":"if","locations":[{"start":{"line":149,"column":6},"end":{"line":152,"column":7}}]},"2":{"loc":{"start":{"line":187,"column":27},"end":{"line":187,"column":59}},"type":"binary-expr","locations":[{"start":{"line":187,"column":27},"end":{"line":187,"column":50}},{"start":{"line":187,"column":54},"end":{"line":187,"column":59}}]},"3":{"loc":{"start":{"line":189,"column":11},"end":{"line":189,"column":35}},"type":"binary-expr","locations":[{"start":{"line":189,"column":11},"end":{"line":189,"column":29}},{"start":{"line":189,"column":33},"end":{"line":189,"column":35}}]},"4":{"loc":{"start":{"line":190,"column":16},"end":{"line":190,"column":45}},"type":"binary-expr","locations":[{"start":{"line":190,"column":16},"end":{"line":190,"column":39}},{"start":{"line":190,"column":43},"end":{"line":190,"column":45}}]},"5":{"loc":{"start":{"line":191,"column":14},"end":{"line":191,"column":41}},"type":"binary-expr","locations":[{"start":{"line":191,"column":14},"end":{"line":191,"column":35}},{"start":{"line":191,"column":39},"end":{"line":191,"column":41}}]},"6":{"loc":{"start":{"line":192,"column":18},"end":{"line":192,"column":49}},"type":"binary-expr","locations":[{"start":{"line":192,"column":18},"end":{"line":192,"column":43}},{"start":{"line":192,"column":47},"end":{"line":192,"column":49}}]},"7":{"loc":{"start":{"line":213,"column":6},"end":{"line":215,"column":7}},"type":"if","locations":[{"start":{"line":213,"column":6},"end":{"line":215,"column":7}}]},"8":{"loc":{"start":{"line":246,"column":4},"end":{"line":248,"column":5}},"type":"if","locations":[{"start":{"line":246,"column":4},"end":{"line":248,"column":5}}]},"9":{"loc":{"start":{"line":255,"column":6},"end":{"line":258,"column":7}},"type":"if","locations":[{"start":{"line":255,"column":6},"end":{"line":258,"column":7}}]},"10":{"loc":{"start":{"line":275,"column":4},"end":{"line":277,"column":5}},"type":"if","locations":[{"start":{"line":275,"column":4},"end":{"line":277,"column":5}}]},"11":{"loc":{"start":{"line":275,"column":8},"end":{"line":275,"column":65}},"type":"binary-expr","locations":[{"start":{"line":275,"column":8},"end":{"line":275,"column":19}},{"start":{"line":275,"column":23},"end":{"line":275,"column":36}},{"start":{"line":275,"column":40},"end":{"line":275,"column":65}}]},"12":{"loc":{"start":{"line":282,"column":6},"end":{"line":338,"column":7}},"type":"switch","locations":[{"start":{"line":283,"column":8},"end":{"line":290,"column":16}},{"start":{"line":292,"column":8},"end":{"line":320,"column":16}},{"start":{"line":322,"column":8},"end":{"line":334,"column":16}},{"start":{"line":336,"column":8},"end":{"line":337,"column":63}}]},"13":{"loc":{"start":{"line":285,"column":10},"end":{"line":287,"column":11}},"type":"if","locations":[{"start":{"line":285,"column":10},"end":{"line":287,"column":11}}]},"14":{"loc":{"start":{"line":285,"column":14},"end":{"line":285,"column":53}},"type":"binary-expr","locations":[{"start":{"line":285,"column":14},"end":{"line":285,"column":33}},{"start":{"line":285,"column":37},"end":{"line":285,"column":53}}]},"15":{"loc":{"start":{"line":294,"column":10},"end":{"line":294,"column":83}},"type":"if","locations":[{"start":{"line":294,"column":10},"end":{"line":294,"column":83}}]},"16":{"loc":{"start":{"line":295,"column":10},"end":{"line":298,"column":11}},"type":"if","locations":[{"start":{"line":295,"column":10},"end":{"line":298,"column":11}}]},"17":{"loc":{"start":{"line":324,"column":10},"end":{"line":324,"column":85}},"type":"if","locations":[{"start":{"line":324,"column":10},"end":{"line":324,"column":85}}]},"18":{"loc":{"start":{"line":326,"column":10},"end":{"line":333,"column":11}},"type":"if","locations":[{"start":{"line":326,"column":10},"end":{"line":333,"column":11}},{"start":{"line":331,"column":17},"end":{"line":333,"column":11}}]},"19":{"loc":{"start":{"line":349,"column":4},"end":{"line":352,"column":5}},"type":"if","locations":[{"start":{"line":349,"column":4},"end":{"line":352,"column":5}}]},"20":{"loc":{"start":{"line":356,"column":4},"end":{"line":358,"column":5}},"type":"if","locations":[{"start":{"line":356,"column":4},"end":{"line":358,"column":5}}]},"21":{"loc":{"start":{"line":365,"column":4},"end":{"line":374,"column":5}},"type":"switch","locations":[{"start":{"line":366,"column":6},"end":{"line":367,"column":59}},{"start":{"line":368,"column":6},"end":{"line":369,"column":61}},{"start":{"line":370,"column":6},"end":{"line":371,"column":57}},{"start":{"line":372,"column":6},"end":{"line":373,"column":30}}]}},"s":{"0":1,"1":1,"2":1,"3":1,"4":37,"5":12,"6":12,"7":12,"8":12,"9":12,"10":4,"11":4,"12":1,"13":1,"14":8,"15":1,"16":16,"17":16,"18":2,"19":1,"20":1,"21":0,"22":0,"23":1,"24":6,"25":4,"26":4,"27":4,"28":2,"29":4,"30":4,"31":1,"32":2,"33":2,"34":1,"35":1,"36":1,"37":2,"38":1,"39":28,"40":28,"41":28,"42":28,"43":28,"44":28,"45":28,"46":28,"47":28,"48":5,"49":5,"50":5,"51":5,"52":5,"53":5,"54":5,"55":5,"56":4,"57":1,"58":3,"59":3,"60":3,"61":3,"62":2,"63":2,"64":1,"65":1,"66":1,"67":1,"68":1,"69":1,"70":3,"71":0,"72":5,"73":20,"74":20,"75":1,"76":19,"77":19,"78":19,"79":26,"80":19,"81":19,"82":7,"83":7,"84":7,"85":19,"86":19,"87":12,"88":7,"89":7,"90":7,"91":19,"92":19,"93":1,"94":18,"95":18,"96":18,"97":7,"98":7,"99":2,"100":5,"101":5,"102":5,"103":6,"104":6,"105":1,"106":5,"107":1,"108":1,"109":4,"110":3,"111":3,"112":1,"113":1,"114":3,"115":3,"116":3,"117":3,"118":4,"119":4,"120":1,"121":3,"122":3,"123":2,"124":2,"125":2,"126":2,"127":1,"128":3,"129":1,"130":11,"131":6,"132":6,"133":6,"134":3,"135":3,"136":1,"137":1,"138":2,"139":2,"140":2,"141":2,"142":2,"143":20,"144":6,"145":4,"146":8,"147":2,"148":1},"f":{"0":37,"1":12,"2":4,"3":4,"4":1,"5":1,"6":8,"7":16,"8":2,"9":0,"10":6,"11":4,"12":2,"13":2,"14":1,"15":28,"16":5,"17":4,"18":2,"19":0,"20":20,"21":26,"22":7,"23":19,"24":1,"25":3,"26":20},"b":{"0":[0],"1":[1],"2":[28,28],"3":[28,23],"4":[28,27],"5":[28,27],"6":[28,27],"7":[1],"8":[1],"9":[19],"10":[1],"11":[19,19,19],"12":[7,6,4,1],"13":[2],"14":[7,6],"15":[1],"16":[1],"17":[1],"18":[2,1],"19":[1],"20":[2],"21":[6,4,8,2]}}
}
