TN:
SF:src/index.ts
FN:58,(anonymous_1)
FN:61,(anonymous_2)
FN:70,(anonymous_3)
FN:74,(anonymous_4)
FN:78,(anonymous_5)
FN:82,(anonymous_6)
FN:86,(anonymous_7)
FN:94,(anonymous_8)
FN:99,(anonymous_9)
FN:107,(anonymous_10)
FN:117,(anonymous_11)
FN:123,(anonymous_12)
FN:131,(anonymous_13)
FN:141,(anonymous_14)
FN:148,(anonymous_15)
FN:183,(anonymous_16)
FN:196,(anonymous_17)
FN:212,(anonymous_18)
FN:223,(anonymous_19)
FN:236,(anonymous_20)
FN:244,(anonymous_21)
FN:254,(anonymous_22)
FN:260,(anonymous_23)
FN:273,(anonymous_24)
FN:304,(anonymous_25)
FN:347,(anonymous_26)
FN:364,(anonymous_27)
FNF:27
FNH:25
FNDA:37,(anonymous_1)
FNDA:12,(anonymous_2)
FNDA:4,(anonymous_3)
FNDA:4,(anonymous_4)
FNDA:1,(anonymous_5)
FNDA:1,(anonymous_6)
FNDA:8,(anonymous_7)
FNDA:16,(anonymous_8)
FNDA:2,(anonymous_9)
FNDA:0,(anonymous_10)
FNDA:6,(anonymous_11)
FNDA:4,(anonymous_12)
FNDA:2,(anonymous_13)
FNDA:2,(anonymous_14)
FNDA:1,(anonymous_15)
FNDA:28,(anonymous_16)
FNDA:5,(anonymous_17)
FNDA:4,(anonymous_18)
FNDA:2,(anonymous_19)
FNDA:0,(anonymous_20)
FNDA:20,(anonymous_21)
FNDA:26,(anonymous_22)
FNDA:7,(anonymous_23)
FNDA:19,(anonymous_24)
FNDA:1,(anonymous_25)
FNDA:3,(anonymous_26)
FNDA:20,(anonymous_27)
DA:1,1
DA:2,1
DA:3,1
DA:4,1
DA:58,1
DA:59,37
DA:62,12
DA:63,12
DA:64,12
DA:66,12
DA:67,12
DA:71,4
DA:75,4
DA:79,1
DA:83,1
DA:87,8
DA:93,1
DA:95,16
DA:96,16
DA:100,2
DA:105,1
DA:107,1
DA:108,0
DA:110,0
DA:114,1
DA:118,6
DA:119,4
DA:120,4
DA:124,4
DA:132,2
DA:133,4
DA:134,4
DA:136,1
DA:146,2
DA:148,2
DA:149,1
DA:150,1
DA:151,1
DA:156,2
DA:173,1
DA:178,28
DA:179,28
DA:180,28
DA:181,28
DA:184,28
DA:185,28
DA:186,28
DA:187,28
DA:188,28
DA:197,5
DA:200,5
DA:201,5
DA:202,5
DA:207,5
DA:209,5
DA:211,5
DA:212,5
DA:213,4
DA:214,1
DA:217,3
DA:219,3
DA:220,3
DA:223,3
DA:224,2
DA:225,2
DA:226,1
DA:227,1
DA:228,1
DA:230,1
DA:231,1
DA:232,1
DA:236,3
DA:237,0
DA:241,5
DA:245,20
DA:246,20
DA:247,1
DA:250,19
DA:252,19
DA:254,19
DA:255,26
DA:256,19
DA:257,19
DA:259,7
DA:260,7
DA:263,19
DA:264,19
DA:265,12
DA:267,7
DA:268,7
DA:269,7
DA:274,19
DA:275,19
DA:276,1
DA:279,18
DA:281,18
DA:282,18
DA:284,7
DA:285,7
DA:286,2
DA:288,5
DA:289,5
DA:290,5
DA:293,6
DA:294,6
DA:295,5
DA:296,1
DA:297,1
DA:300,4
DA:301,3
DA:304,3
DA:305,1
DA:306,1
DA:313,3
DA:314,3
DA:319,3
DA:320,3
DA:323,4
DA:324,4
DA:325,3
DA:326,3
DA:327,2
DA:328,2
DA:329,2
DA:330,2
DA:332,1
DA:334,3
DA:337,1
DA:339,11
DA:341,6
DA:342,6
DA:343,6
DA:348,3
DA:349,3
DA:350,1
DA:351,1
DA:354,2
DA:356,2
DA:357,2
DA:360,2
DA:361,2
DA:365,20
DA:367,6
DA:369,4
DA:371,8
DA:373,2
LF:146
LH:143
BRDA:108,0,0,0
BRDA:149,1,0,1
BRDA:187,2,0,28
BRDA:187,2,1,28
BRDA:189,3,0,28
BRDA:189,3,1,23
BRDA:190,4,0,28
BRDA:190,4,1,27
BRDA:191,5,0,28
BRDA:191,5,1,27
BRDA:192,6,0,28
BRDA:192,6,1,27
BRDA:213,7,0,1
BRDA:246,8,0,1
BRDA:255,9,0,19
BRDA:275,10,0,1
BRDA:275,11,0,19
BRDA:275,11,1,19
BRDA:275,11,2,19
BRDA:282,12,0,7
BRDA:282,12,1,6
BRDA:282,12,2,4
BRDA:282,12,3,1
BRDA:285,13,0,2
BRDA:285,14,0,7
BRDA:285,14,1,6
BRDA:294,15,0,1
BRDA:295,16,0,1
BRDA:324,17,0,1
BRDA:326,18,0,2
BRDA:326,18,1,1
BRDA:349,19,0,1
BRDA:356,20,0,2
BRDA:365,21,0,6
BRDA:365,21,1,4
BRDA:365,21,2,8
BRDA:365,21,3,2
BRF:37
BRH:36
end_of_record
